Started GET "/" for 127.0.0.1 at 2018-03-13 10:08:30 +0200
Processing by Rails::WelcomeController#index as HTML
  Rendering /home/iliyan/.rvm/gems/ruby-2.4.2/gems/railties-5.1.5/lib/rails/templates/rails/welcome/index.html.erb
  Rendered /home/iliyan/.rvm/gems/ruby-2.4.2/gems/railties-5.1.5/lib/rails/templates/rails/welcome/index.html.erb (7.3ms)
Completed 200 OK in 552ms (Views: 23.7ms)


Started GET "/" for 127.0.0.1 at 2018-03-13 10:11:45 +0200
  
ActiveRecord::PendingMigrationError (

Migrations are pending. To resolve this issue, run:

        bin/rails db:migrate RAILS_ENV=development

):
  
activerecord (5.1.5) lib/active_record/migration.rb:576:in `check_pending!'
activerecord (5.1.5) lib/active_record/migration.rb:553:in `call'
actionpack (5.1.5) lib/action_dispatch/middleware/callbacks.rb:26:in `block in call'
activesupport (5.1.5) lib/active_support/callbacks.rb:97:in `run_callbacks'
actionpack (5.1.5) lib/action_dispatch/middleware/callbacks.rb:24:in `call'
actionpack (5.1.5) lib/action_dispatch/middleware/executor.rb:12:in `call'
actionpack (5.1.5) lib/action_dispatch/middleware/debug_exceptions.rb:59:in `call'
web-console (3.5.1) lib/web_console/middleware.rb:135:in `call_app'
web-console (3.5.1) lib/web_console/middleware.rb:28:in `block in call'
web-console (3.5.1) lib/web_console/middleware.rb:18:in `catch'
web-console (3.5.1) lib/web_console/middleware.rb:18:in `call'
actionpack (5.1.5) lib/action_dispatch/middleware/show_exceptions.rb:31:in `call'
railties (5.1.5) lib/rails/rack/logger.rb:36:in `call_app'
railties (5.1.5) lib/rails/rack/logger.rb:24:in `block in call'
activesupport (5.1.5) lib/active_support/tagged_logging.rb:69:in `block in tagged'
activesupport (5.1.5) lib/active_support/tagged_logging.rb:26:in `tagged'
activesupport (5.1.5) lib/active_support/tagged_logging.rb:69:in `tagged'
railties (5.1.5) lib/rails/rack/logger.rb:24:in `call'
sprockets-rails (3.2.1) lib/sprockets/rails/quiet_assets.rb:13:in `call'
actionpack (5.1.5) lib/action_dispatch/middleware/remote_ip.rb:79:in `call'
actionpack (5.1.5) lib/action_dispatch/middleware/request_id.rb:25:in `call'
rack (2.0.4) lib/rack/method_override.rb:22:in `call'
rack (2.0.4) lib/rack/runtime.rb:22:in `call'
activesupport (5.1.5) lib/active_support/cache/strategy/local_cache_middleware.rb:27:in `call'
actionpack (5.1.5) lib/action_dispatch/middleware/executor.rb:12:in `call'
actionpack (5.1.5) lib/action_dispatch/middleware/static.rb:125:in `call'
rack (2.0.4) lib/rack/sendfile.rb:111:in `call'
railties (5.1.5) lib/rails/engine.rb:522:in `call'
puma (3.11.3) lib/puma/configuration.rb:225:in `call'
puma (3.11.3) lib/puma/server.rb:624:in `handle_request'
puma (3.11.3) lib/puma/server.rb:438:in `process_client'
puma (3.11.3) lib/puma/server.rb:302:in `block in run'
puma (3.11.3) lib/puma/thread_pool.rb:120:in `block in spawn_thread'
  [1m[35m (0.1ms)[0m  [1m[34mSELECT sqlite_version(*)[0m
  [1m[35m (69.5ms)[0m  [1m[35mCREATE TABLE "schema_migrations" ("version" varchar NOT NULL PRIMARY KEY)[0m
  [1m[35m (15.0ms)[0m  [1m[35mCREATE TABLE "ar_internal_metadata" ("key" varchar NOT NULL PRIMARY KEY, "value" varchar, "created_at" datetime NOT NULL, "updated_at" datetime NOT NULL)[0m
  [1m[35m (0.2ms)[0m  [1m[34mSELECT "schema_migrations"."version" FROM "schema_migrations" ORDER BY "schema_migrations"."version" ASC[0m
Migrating to CreateTeachers (20180313081119)
  [1m[35m (0.1ms)[0m  [1m[36mbegin transaction[0m
  [1m[35m (2.1ms)[0m  [1m[35mCREATE TABLE "teachers" ("id" INTEGER PRIMARY KEY AUTOINCREMENT NOT NULL, "first_name" varchar, "middle_name" varchar, "last_name" varchar, "title" varchar, "subject" varchar, "created_at" datetime NOT NULL, "updated_at" datetime NOT NULL)[0m
  [1m[35mSQL (0.2ms)[0m  [1m[32mINSERT INTO "schema_migrations" ("version") VALUES (?)[0m  [["version", "20180313081119"]]
  [1m[35m (10.6ms)[0m  [1m[36mcommit transaction[0m
  [1m[36mActiveRecord::InternalMetadata Load (0.2ms)[0m  [1m[34mSELECT  "ar_internal_metadata".* FROM "ar_internal_metadata" WHERE "ar_internal_metadata"."key" = ? LIMIT ?[0m  [["key", "environment"], ["LIMIT", 1]]
  [1m[35m (0.1ms)[0m  [1m[36mbegin transaction[0m
  [1m[35mSQL (2.1ms)[0m  [1m[32mINSERT INTO "ar_internal_metadata" ("key", "value", "created_at", "updated_at") VALUES (?, ?, ?, ?)[0m  [["key", "environment"], ["value", "development"], ["created_at", "2018-03-13 08:12:01.661362"], ["updated_at", "2018-03-13 08:12:01.661362"]]
  [1m[35m (8.8ms)[0m  [1m[36mcommit transaction[0m
  [1m[35m (0.2ms)[0m  [1m[34mSELECT "schema_migrations"."version" FROM "schema_migrations" ORDER BY "schema_migrations"."version" ASC[0m
Started GET "/" for 127.0.0.1 at 2018-03-13 10:12:25 +0200
  [1m[35m (4.5ms)[0m  [1m[34mSELECT "schema_migrations"."version" FROM "schema_migrations" ORDER BY "schema_migrations"."version" ASC[0m
Processing by Rails::WelcomeController#index as HTML
  Rendering /home/iliyan/.rvm/gems/ruby-2.4.2/gems/railties-5.1.5/lib/rails/templates/rails/welcome/index.html.erb
  Rendered /home/iliyan/.rvm/gems/ruby-2.4.2/gems/railties-5.1.5/lib/rails/templates/rails/welcome/index.html.erb (2.8ms)
Completed 200 OK in 30ms (Views: 14.4ms | ActiveRecord: 0.0ms)


Started GET "/teachers" for 127.0.0.1 at 2018-03-13 10:12:31 +0200
Processing by TeachersController#index as HTML
  Rendering teachers/index.html.erb within layouts/application
  [1m[36mTeacher Load (0.2ms)[0m  [1m[34mSELECT "teachers".* FROM "teachers"[0m
  Rendered teachers/index.html.erb within layouts/application (5.3ms)
Completed 200 OK in 1429ms (Views: 1418.2ms | ActiveRecord: 1.1ms)


  [1m[35m (0.2ms)[0m  [1m[34mSELECT "schema_migrations"."version" FROM "schema_migrations" ORDER BY "schema_migrations"."version" ASC[0m
Migrating to CreateSubjects (20180313081353)
  [1m[35m (0.1ms)[0m  [1m[36mbegin transaction[0m
  [1m[35m (0.1ms)[0m  [1m[34mSELECT sqlite_version(*)[0m
  [1m[35m (2.3ms)[0m  [1m[35mCREATE TABLE "subjects" ("id" INTEGER PRIMARY KEY AUTOINCREMENT NOT NULL, "subject_name" varchar, "teacher_id" integer, "created_at" datetime NOT NULL, "updated_at" datetime NOT NULL)[0m
  [1m[35mSQL (0.2ms)[0m  [1m[32mINSERT INTO "schema_migrations" ("version") VALUES (?)[0m  [["version", "20180313081353"]]
  [1m[35m (37.0ms)[0m  [1m[36mcommit transaction[0m
  [1m[36mActiveRecord::InternalMetadata Load (0.2ms)[0m  [1m[34mSELECT  "ar_internal_metadata".* FROM "ar_internal_metadata" WHERE "ar_internal_metadata"."key" = ? LIMIT ?[0m  [["key", "environment"], ["LIMIT", 1]]
  [1m[35m (0.1ms)[0m  [1m[36mbegin transaction[0m
  [1m[35m (0.1ms)[0m  [1m[36mcommit transaction[0m
  [1m[35m (0.2ms)[0m  [1m[34mSELECT "schema_migrations"."version" FROM "schema_migrations" ORDER BY "schema_migrations"."version" ASC[0m
Started GET "/teachers" for 127.0.0.1 at 2018-03-13 10:16:35 +0200
  [1m[35m (0.3ms)[0m  [1m[34mSELECT "schema_migrations"."version" FROM "schema_migrations" ORDER BY "schema_migrations"."version" ASC[0m
  
SyntaxError (/home/iliyan/ex/app/app/controllers/teachers_controller.rb:74: syntax error, unexpected end-of-input, expecting keyword_end):
  
app/controllers/teachers_controller.rb:74: syntax error, unexpected end-of-input, expecting keyword_end
Started GET "/teachers" for 127.0.0.1 at 2018-03-13 10:17:39 +0200
  [1m[35m (0.2ms)[0m  [1m[34mSELECT "schema_migrations"."version" FROM "schema_migrations" ORDER BY "schema_migrations"."version" ASC[0m
Processing by TeachersController#index as HTML
  Rendering teachers/index.html.erb within layouts/application
  [1m[36mTeacher Load (0.2ms)[0m  [1m[34mSELECT "teachers".* FROM "teachers"[0m
  Rendered teachers/index.html.erb within layouts/application (8.1ms)
Completed 200 OK in 595ms (Views: 557.0ms | ActiveRecord: 0.6ms)


Started GET "/teachers/new" for 127.0.0.1 at 2018-03-13 10:17:42 +0200
Processing by TeachersController#new as HTML
  Rendering teachers/new.html.erb within layouts/application
  Rendered teachers/_form.html.erb (29.3ms)
  Rendered teachers/new.html.erb within layouts/application (32.1ms)
Completed 200 OK in 160ms (Views: 136.7ms | ActiveRecord: 1.0ms)


Started POST "/teachers" for 127.0.0.1 at 2018-03-13 10:18:14 +0200
Processing by TeachersController#create as HTML
  Parameters: {"utf8"=>"✓", "authenticity_token"=>"RNSPkGLWzoEiG6HeU3Wap8v3j2a0NKOTc+hKIvOUF2xPmVPaG/dJB5kj3JA7YHzxElMemBWddH8GEG2ytoFv5g==", "teacher"=>{"first_name"=>"Petko", "middle_name"=>"Petkov", "last_name"=>"Todorov", "title"=>"great", "subject"=>"Math"}, "commit"=>"Create Teacher"}
  [1m[36mTeacher Exists (0.3ms)[0m  [1m[34mSELECT  1 AS one FROM "teachers" WHERE "teachers"."title" = ? LIMIT ?[0m  [["title", "great"], ["LIMIT", 1]]
  [1m[35m (0.1ms)[0m  [1m[36mbegin transaction[0m
  [1m[35mSQL (7.5ms)[0m  [1m[32mINSERT INTO "teachers" ("first_name", "middle_name", "last_name", "title", "subject", "created_at", "updated_at") VALUES (?, ?, ?, ?, ?, ?, ?)[0m  [["first_name", "Petko"], ["middle_name", "Petkov"], ["last_name", "Todorov"], ["title", "great"], ["subject", "Math"], ["created_at", "2018-03-13 08:18:14.509078"], ["updated_at", "2018-03-13 08:18:14.509078"]]
  [1m[35m (31.0ms)[0m  [1m[36mcommit transaction[0m
Redirected to http://localhost:3000/teachers/1
Completed 302 Found in 61ms (ActiveRecord: 39.0ms)


Started GET "/teachers/1" for 127.0.0.1 at 2018-03-13 10:18:14 +0200
Processing by TeachersController#show as HTML
  Parameters: {"id"=>"1"}
  [1m[36mTeacher Load (0.3ms)[0m  [1m[34mSELECT  "teachers".* FROM "teachers" WHERE "teachers"."id" = ? LIMIT ?[0m  [["id", 1], ["LIMIT", 1]]
  Rendering teachers/show.html.erb within layouts/application
  Rendered teachers/show.html.erb within layouts/application (1.8ms)
Completed 200 OK in 83ms (Views: 74.9ms | ActiveRecord: 0.3ms)


Started GET "/teachers" for 127.0.0.1 at 2018-03-13 10:18:18 +0200
Processing by TeachersController#index as HTML
  Rendering teachers/index.html.erb within layouts/application
  [1m[36mTeacher Load (0.3ms)[0m  [1m[34mSELECT "teachers".* FROM "teachers"[0m
  Rendered teachers/index.html.erb within layouts/application (2.8ms)
Completed 200 OK in 68ms (Views: 65.0ms | ActiveRecord: 0.3ms)


Started GET "/teachers/new" for 127.0.0.1 at 2018-03-13 10:18:21 +0200
Processing by TeachersController#new as HTML
  Rendering teachers/new.html.erb within layouts/application
  Rendered teachers/_form.html.erb (8.7ms)
  Rendered teachers/new.html.erb within layouts/application (10.4ms)
Completed 200 OK in 112ms (Views: 110.3ms | ActiveRecord: 0.0ms)


Started POST "/teachers" for 127.0.0.1 at 2018-03-13 10:18:51 +0200
Processing by TeachersController#create as HTML
  Parameters: {"utf8"=>"✓", "authenticity_token"=>"Pb7HNmwmpNa5LAtnhiOwNIbl/AtkTjAY2ljYYpHHnbY28xt8FQcjUAIUdinuNlZiX0Ft9cXn5/SvoP/y1NLlPA==", "teacher"=>{"first_name"=>"Bojidar", "middle_name"=>"Borkov", "last_name"=>"Atanasov", "title"=>"great", "subject"=>"english"}, "commit"=>"Create Teacher"}
  [1m[36mTeacher Exists (0.3ms)[0m  [1m[34mSELECT  1 AS one FROM "teachers" WHERE "teachers"."title" = ? LIMIT ?[0m  [["title", "great"], ["LIMIT", 1]]
No template found for TeachersController#create, rendering head :no_content
Completed 204 No Content in 54ms (ActiveRecord: 0.3ms)


Started GET "/teachers/new" for 127.0.0.1 at 2018-03-13 10:19:14 +0200
Processing by TeachersController#new as HTML
  Rendering teachers/new.html.erb within layouts/application
  Rendered teachers/_form.html.erb (8.1ms)
  Rendered teachers/new.html.erb within layouts/application (23.4ms)
Completed 200 OK in 111ms (Views: 109.2ms | ActiveRecord: 0.0ms)


Started GET "/teachers" for 127.0.0.1 at 2018-03-13 10:19:16 +0200
Processing by TeachersController#index as HTML
  Rendering teachers/index.html.erb within layouts/application
  [1m[36mTeacher Load (0.2ms)[0m  [1m[34mSELECT "teachers".* FROM "teachers"[0m
  Rendered teachers/index.html.erb within layouts/application (6.3ms)
Completed 200 OK in 90ms (Views: 88.3ms | ActiveRecord: 0.2ms)


Started GET "/teachers/new" for 127.0.0.1 at 2018-03-13 10:20:08 +0200
  [1m[35m (0.2ms)[0m  [1m[34mSELECT "schema_migrations"."version" FROM "schema_migrations" ORDER BY "schema_migrations"."version" ASC[0m
Processing by TeachersController#new as HTML
  Rendering teachers/new.html.erb within layouts/application
  Rendered teachers/_form.html.erb (32.2ms)
  Rendered teachers/new.html.erb within layouts/application (36.5ms)
Completed 200 OK in 287ms (Views: 259.3ms | ActiveRecord: 1.0ms)


Started POST "/teachers" for 127.0.0.1 at 2018-03-13 10:20:28 +0200
Processing by TeachersController#create as HTML
  Parameters: {"utf8"=>"✓", "authenticity_token"=>"ZUyG4vH9MDJDGF+BHboxGBuEcVc38YlEex2i/8D4tfan2WADi1tICIoGwbdSM4UFsrAF15HrMS4lgRFbpnTPHA==", "teacher"=>{"first_name"=>"Georgi", "middle_name"=>"Sava", "last_name"=>"Gocev", "title"=>"alpins", "subject"=>"bel"}, "commit"=>"Create Teacher"}
  [1m[36mTeacher Exists (0.4ms)[0m  [1m[34mSELECT  1 AS one FROM "teachers" WHERE "teachers"."title" = ? LIMIT ?[0m  [["title", "alpins"], ["LIMIT", 1]]
  [1m[35m (0.1ms)[0m  [1m[36mbegin transaction[0m
  [1m[35mSQL (4.0ms)[0m  [1m[32mINSERT INTO "teachers" ("first_name", "middle_name", "last_name", "title", "subject", "created_at", "updated_at") VALUES (?, ?, ?, ?, ?, ?, ?)[0m  [["first_name", "Georgi"], ["middle_name", "Sava"], ["last_name", "Gocev"], ["title", "alpins"], ["subject", "bel"], ["created_at", "2018-03-13 08:20:28.076714"], ["updated_at", "2018-03-13 08:20:28.076714"]]
  [1m[35m (464.1ms)[0m  [1m[36mcommit transaction[0m
Redirected to http://localhost:3000/teachers/2
Completed 302 Found in 490ms (ActiveRecord: 476.4ms)


Started GET "/teachers/2" for 127.0.0.1 at 2018-03-13 10:20:28 +0200
Processing by TeachersController#show as HTML
  Parameters: {"id"=>"2"}
  [1m[36mTeacher Load (0.2ms)[0m  [1m[34mSELECT  "teachers".* FROM "teachers" WHERE "teachers"."id" = ? LIMIT ?[0m  [["id", 2], ["LIMIT", 1]]
  Rendering teachers/show.html.erb within layouts/application
  Rendered teachers/show.html.erb within layouts/application (1.0ms)
Completed 200 OK in 69ms (Views: 58.8ms | ActiveRecord: 0.2ms)


Started GET "/teachers" for 127.0.0.1 at 2018-03-13 10:20:31 +0200
Processing by TeachersController#index as HTML
  Rendering teachers/index.html.erb within layouts/application
  [1m[36mTeacher Load (0.3ms)[0m  [1m[34mSELECT "teachers".* FROM "teachers"[0m
  Rendered teachers/index.html.erb within layouts/application (7.3ms)
Completed 200 OK in 120ms (Views: 118.8ms | ActiveRecord: 0.3ms)


Started DELETE "/teachers/2" for 127.0.0.1 at 2018-03-13 10:20:33 +0200
Processing by TeachersController#destroy as HTML
  Parameters: {"authenticity_token"=>"2qHt/psp+OMXhX+jtvlQXnNEyQXmiwl2tLkRbD/pYGh5PicdfIF31/8qgsVyxtdA8AScR6mxlp21C3Qtg6Yo0w==", "id"=>"2"}
  [1m[36mTeacher Load (0.2ms)[0m  [1m[34mSELECT  "teachers".* FROM "teachers" WHERE "teachers"."id" = ? LIMIT ?[0m  [["id", 2], ["LIMIT", 1]]
  [1m[35m (0.1ms)[0m  [1m[36mbegin transaction[0m
  [1m[35mSQL (3.2ms)[0m  [1m[31mDELETE FROM "teachers" WHERE "teachers"."id" = ?[0m  [["id", 2]]
  [1m[35m (37.4ms)[0m  [1m[36mcommit transaction[0m
Redirected to http://localhost:3000/teachers
Completed 302 Found in 57ms (ActiveRecord: 40.9ms)


Started GET "/teachers" for 127.0.0.1 at 2018-03-13 10:20:33 +0200
Processing by TeachersController#index as HTML
  Rendering teachers/index.html.erb within layouts/application
  [1m[36mTeacher Load (0.4ms)[0m  [1m[34mSELECT "teachers".* FROM "teachers"[0m
  Rendered teachers/index.html.erb within layouts/application (11.5ms)
Completed 200 OK in 99ms (Views: 97.0ms | ActiveRecord: 0.4ms)


Started DELETE "/teachers/1" for 127.0.0.1 at 2018-03-13 10:20:35 +0200
Processing by TeachersController#destroy as HTML
  Parameters: {"authenticity_token"=>"iOI3Hxck51ACceDguLpmyEC6473lTKP/V5YJj3H8KbArff388IxoZOreHYZ8heHWw/q2/6p2PBRWJGzOzbNhCw==", "id"=>"1"}
  [1m[36mTeacher Load (0.2ms)[0m  [1m[34mSELECT  "teachers".* FROM "teachers" WHERE "teachers"."id" = ? LIMIT ?[0m  [["id", 1], ["LIMIT", 1]]
  [1m[35m (0.1ms)[0m  [1m[36mbegin transaction[0m
  [1m[35mSQL (1.5ms)[0m  [1m[31mDELETE FROM "teachers" WHERE "teachers"."id" = ?[0m  [["id", 1]]
  [1m[35m (35.3ms)[0m  [1m[36mcommit transaction[0m
Redirected to http://localhost:3000/teachers
Completed 302 Found in 47ms (ActiveRecord: 37.0ms)


Started GET "/teachers" for 127.0.0.1 at 2018-03-13 10:20:35 +0200
Processing by TeachersController#index as HTML
  Rendering teachers/index.html.erb within layouts/application
  [1m[36mTeacher Load (0.2ms)[0m  [1m[34mSELECT "teachers".* FROM "teachers"[0m
  Rendered teachers/index.html.erb within layouts/application (4.5ms)
Completed 200 OK in 79ms (Views: 77.5ms | ActiveRecord: 0.2ms)


Started GET "/teachers" for 127.0.0.1 at 2018-03-13 10:24:30 +0200
  [1m[35m (0.3ms)[0m  [1m[34mSELECT "schema_migrations"."version" FROM "schema_migrations" ORDER BY "schema_migrations"."version" ASC[0m
Processing by TeachersController#index as HTML
  Rendering teachers/index.html.erb within layouts/application
  [1m[36mTeacher Load (0.3ms)[0m  [1m[34mSELECT "teachers".* FROM "teachers"[0m
  Rendered teachers/index.html.erb within layouts/application (12.8ms)
Completed 200 OK in 464ms (Views: 443.6ms | ActiveRecord: 0.7ms)


Started GET "/teachers/new" for 127.0.0.1 at 2018-03-13 10:24:33 +0200
Processing by TeachersController#new as HTML
  Rendering teachers/new.html.erb within layouts/application
  Rendered teachers/_form.html.erb (26.7ms)
  Rendered teachers/new.html.erb within layouts/application (30.3ms)
Completed 200 OK in 117ms (Views: 88.6ms | ActiveRecord: 1.1ms)


Started POST "/teachers" for 127.0.0.1 at 2018-03-13 10:24:46 +0200
Processing by TeachersController#create as HTML
  Parameters: {"utf8"=>"✓", "authenticity_token"=>"jTBN6HObaHNyvQabWVDsa/oSAIDDjlbCDpsg3ONdYkpPpasJCT0QSbujmK0W2Vh2UyZ0AGWU7qhQB5N4hdEYoA==", "teacher"=>{"first_name"=>"gdgdg", "middle_name"=>"gdfgdg", "last_name"=>"dgdfgdfg", "title"=>"zdr", "subject"=>"Math"}, "commit"=>"Create Teacher"}
  [1m[36mTeacher Exists (3.4ms)[0m  [1m[34mSELECT  1 AS one FROM "teachers" WHERE "teachers"."title" = ? LIMIT ?[0m  [["title", "zdr"], ["LIMIT", 1]]
  [1m[35m (0.1ms)[0m  [1m[36mbegin transaction[0m
  [1m[35mSQL (2.0ms)[0m  [1m[32mINSERT INTO "teachers" ("first_name", "middle_name", "last_name", "title", "subject", "created_at", "updated_at") VALUES (?, ?, ?, ?, ?, ?, ?)[0m  [["first_name", "gdgdg"], ["middle_name", "gdfgdg"], ["last_name", "dgdfgdfg"], ["title", "zdr"], ["subject", "Math"], ["created_at", "2018-03-13 08:24:46.888982"], ["updated_at", "2018-03-13 08:24:46.888982"]]
  [1m[35m (28.5ms)[0m  [1m[36mcommit transaction[0m
Redirected to http://localhost:3000/teachers/3
Completed 302 Found in 55ms (ActiveRecord: 34.0ms)


Started GET "/teachers/3" for 127.0.0.1 at 2018-03-13 10:24:46 +0200
Processing by TeachersController#show as HTML
  Parameters: {"id"=>"3"}
  [1m[36mTeacher Load (0.3ms)[0m  [1m[34mSELECT  "teachers".* FROM "teachers" WHERE "teachers"."id" = ? LIMIT ?[0m  [["id", 3], ["LIMIT", 1]]
  Rendering teachers/show.html.erb within layouts/application
  Rendered teachers/show.html.erb within layouts/application (1.2ms)
Completed 200 OK in 127ms (Views: 115.8ms | ActiveRecord: 0.3ms)


Started GET "/teachers" for 127.0.0.1 at 2018-03-13 10:24:49 +0200
Processing by TeachersController#index as HTML
  Rendering teachers/index.html.erb within layouts/application
  [1m[36mTeacher Load (2.3ms)[0m  [1m[34mSELECT "teachers".* FROM "teachers"[0m
  Rendered teachers/index.html.erb within layouts/application (7.9ms)
Completed 200 OK in 65ms (Views: 61.2ms | ActiveRecord: 2.3ms)


Started GET "/teachers/new" for 127.0.0.1 at 2018-03-13 10:25:03 +0200
Processing by TeachersController#new as HTML
  Rendering teachers/new.html.erb within layouts/application
  Rendered teachers/_form.html.erb (7.6ms)
  Rendered teachers/new.html.erb within layouts/application (16.5ms)
Completed 200 OK in 72ms (Views: 71.1ms | ActiveRecord: 0.0ms)


Started POST "/teachers" for 127.0.0.1 at 2018-03-13 10:25:16 +0200
Processing by TeachersController#create as HTML
  Parameters: {"utf8"=>"✓", "authenticity_token"=>"/YY06EHoVYxMELk0Ca69HAJwKut5g+NqYHdXpeyREi4/E9IJO04ttoUOJwJGJwkBq0Rea9+ZWwA+6+QBih1oxA==", "teacher"=>{"first_name"=>"vcvcvcvc", "middle_name"=>"vbvbvbvb", "last_name"=>"bmnbmbmbm", "title"=>"kp", "subject"=>"pesho"}, "commit"=>"Create Teacher"}
  [1m[36mTeacher Exists (0.3ms)[0m  [1m[34mSELECT  1 AS one FROM "teachers" WHERE "teachers"."title" = ? LIMIT ?[0m  [["title", "kp"], ["LIMIT", 1]]
  [1m[35m (0.1ms)[0m  [1m[36mbegin transaction[0m
  [1m[35mSQL (5.8ms)[0m  [1m[32mINSERT INTO "teachers" ("first_name", "middle_name", "last_name", "title", "subject", "created_at", "updated_at") VALUES (?, ?, ?, ?, ?, ?, ?)[0m  [["first_name", "vcvcvcvc"], ["middle_name", "vbvbvbvb"], ["last_name", "bmnbmbmbm"], ["title", "kp"], ["subject", "pesho"], ["created_at", "2018-03-13 08:25:16.041860"], ["updated_at", "2018-03-13 08:25:16.041860"]]
  [1m[35m (8.5ms)[0m  [1m[36mcommit transaction[0m
Redirected to http://localhost:3000/teachers/4
Completed 302 Found in 31ms (ActiveRecord: 14.6ms)


Started GET "/teachers/4" for 127.0.0.1 at 2018-03-13 10:25:16 +0200
Processing by TeachersController#show as HTML
  Parameters: {"id"=>"4"}
  [1m[36mTeacher Load (0.7ms)[0m  [1m[34mSELECT  "teachers".* FROM "teachers" WHERE "teachers"."id" = ? LIMIT ?[0m  [["id", 4], ["LIMIT", 1]]
  Rendering teachers/show.html.erb within layouts/application
  Rendered teachers/show.html.erb within layouts/application (1.9ms)
Completed 200 OK in 103ms (Views: 96.3ms | ActiveRecord: 0.7ms)


Started GET "/teachers" for 127.0.0.1 at 2018-03-13 10:25:18 +0200
Processing by TeachersController#index as HTML
  Rendering teachers/index.html.erb within layouts/application
  [1m[36mTeacher Load (0.3ms)[0m  [1m[34mSELECT "teachers".* FROM "teachers"[0m
  Rendered teachers/index.html.erb within layouts/application (6.3ms)
Completed 200 OK in 99ms (Views: 97.4ms | ActiveRecord: 0.3ms)


Started GET "/teachers/3" for 127.0.0.1 at 2018-03-13 10:25:21 +0200
Processing by TeachersController#show as HTML
  Parameters: {"id"=>"3"}
  [1m[36mTeacher Load (0.2ms)[0m  [1m[34mSELECT  "teachers".* FROM "teachers" WHERE "teachers"."id" = ? LIMIT ?[0m  [["id", 3], ["LIMIT", 1]]
  Rendering teachers/show.html.erb within layouts/application
  Rendered teachers/show.html.erb within layouts/application (0.9ms)
Completed 200 OK in 89ms (Views: 80.2ms | ActiveRecord: 0.2ms)


Started GET "/teachers" for 127.0.0.1 at 2018-03-13 10:25:22 +0200
Processing by TeachersController#index as HTML
  Rendering teachers/index.html.erb within layouts/application
  [1m[36mTeacher Load (0.2ms)[0m  [1m[34mSELECT "teachers".* FROM "teachers"[0m
  Rendered teachers/index.html.erb within layouts/application (4.6ms)
Completed 200 OK in 96ms (Views: 94.7ms | ActiveRecord: 0.2ms)


Started GET "/teachers/4" for 127.0.0.1 at 2018-03-13 10:25:24 +0200
Processing by TeachersController#show as HTML
  Parameters: {"id"=>"4"}
  [1m[36mTeacher Load (0.2ms)[0m  [1m[34mSELECT  "teachers".* FROM "teachers" WHERE "teachers"."id" = ? LIMIT ?[0m  [["id", 4], ["LIMIT", 1]]
  Rendering teachers/show.html.erb within layouts/application
  Rendered teachers/show.html.erb within layouts/application (1.0ms)
Completed 200 OK in 61ms (Views: 55.8ms | ActiveRecord: 0.2ms)


Started GET "/teachers" for 127.0.0.1 at 2018-03-13 10:25:26 +0200
Processing by TeachersController#index as HTML
  Rendering teachers/index.html.erb within layouts/application
  [1m[36mTeacher Load (0.3ms)[0m  [1m[34mSELECT "teachers".* FROM "teachers"[0m
  Rendered teachers/index.html.erb within layouts/application (6.4ms)
Completed 200 OK in 61ms (Views: 59.1ms | ActiveRecord: 0.3ms)


Started DELETE "/teachers/3" for 127.0.0.1 at 2018-03-13 10:25:35 +0200
Processing by TeachersController#destroy as HTML
  Parameters: {"authenticity_token"=>"oqvYyXh3kd/rNiCQQQThcGeJQmvhBuImRfSMF1tB2OgBNBIqn98e6wOZ3faFO2Zu5MkXKa48fc1ERulW5w6QUw==", "id"=>"3"}
  [1m[36mTeacher Load (0.2ms)[0m  [1m[34mSELECT  "teachers".* FROM "teachers" WHERE "teachers"."id" = ? LIMIT ?[0m  [["id", 3], ["LIMIT", 1]]
  [1m[35m (0.1ms)[0m  [1m[36mbegin transaction[0m
  [1m[35mSQL (9.3ms)[0m  [1m[31mDELETE FROM "teachers" WHERE "teachers"."id" = ?[0m  [["id", 3]]
  [1m[35m (34.9ms)[0m  [1m[36mcommit transaction[0m
Redirected to http://localhost:3000/teachers
Completed 302 Found in 53ms (ActiveRecord: 44.5ms)


Started GET "/teachers" for 127.0.0.1 at 2018-03-13 10:25:35 +0200
Processing by TeachersController#index as HTML
  Rendering teachers/index.html.erb within layouts/application
  [1m[36mTeacher Load (0.2ms)[0m  [1m[34mSELECT "teachers".* FROM "teachers"[0m
  Rendered teachers/index.html.erb within layouts/application (2.1ms)
Completed 200 OK in 66ms (Views: 65.1ms | ActiveRecord: 0.2ms)


Started GET "/teachers/4" for 127.0.0.1 at 2018-03-13 10:25:37 +0200
Processing by TeachersController#show as HTML
  Parameters: {"id"=>"4"}
  [1m[36mTeacher Load (0.2ms)[0m  [1m[34mSELECT  "teachers".* FROM "teachers" WHERE "teachers"."id" = ? LIMIT ?[0m  [["id", 4], ["LIMIT", 1]]
  Rendering teachers/show.html.erb within layouts/application
  Rendered teachers/show.html.erb within layouts/application (1.0ms)
Completed 200 OK in 64ms (Views: 59.6ms | ActiveRecord: 0.2ms)


Started GET "/teachers" for 127.0.0.1 at 2018-03-13 10:25:39 +0200
Processing by TeachersController#index as HTML
  Rendering teachers/index.html.erb within layouts/application
  [1m[36mTeacher Load (0.2ms)[0m  [1m[34mSELECT "teachers".* FROM "teachers"[0m
  Rendered teachers/index.html.erb within layouts/application (2.2ms)
Completed 200 OK in 68ms (Views: 66.4ms | ActiveRecord: 0.2ms)


Started DELETE "/teachers/4" for 127.0.0.1 at 2018-03-13 10:25:41 +0200
Processing by TeachersController#destroy as HTML
  Parameters: {"authenticity_token"=>"jUMkP9ttBIytJW3GIzGqTDohQcax8y8ustbk9QNY3N0u3O7cPMWLuEWKkKDnDi1SuWEUhP7JsMWzZIG0vxeUZg==", "id"=>"4"}
  [1m[36mTeacher Load (0.2ms)[0m  [1m[34mSELECT  "teachers".* FROM "teachers" WHERE "teachers"."id" = ? LIMIT ?[0m  [["id", 4], ["LIMIT", 1]]
  [1m[35m (0.1ms)[0m  [1m[36mbegin transaction[0m
  [1m[35mSQL (1.7ms)[0m  [1m[31mDELETE FROM "teachers" WHERE "teachers"."id" = ?[0m  [["id", 4]]
  [1m[35m (29.6ms)[0m  [1m[36mcommit transaction[0m
Redirected to http://localhost:3000/teachers
Completed 302 Found in 49ms (ActiveRecord: 31.5ms)


Started GET "/teachers" for 127.0.0.1 at 2018-03-13 10:25:41 +0200
Processing by TeachersController#index as HTML
  Rendering teachers/index.html.erb within layouts/application
  [1m[36mTeacher Load (0.3ms)[0m  [1m[34mSELECT "teachers".* FROM "teachers"[0m
  Rendered teachers/index.html.erb within layouts/application (4.4ms)
Completed 200 OK in 80ms (Views: 78.7ms | ActiveRecord: 0.3ms)


Started GET "/teachers" for 127.0.0.1 at 2018-03-13 10:33:56 +0200
  [1m[35m (0.2ms)[0m  [1m[34mSELECT "schema_migrations"."version" FROM "schema_migrations" ORDER BY "schema_migrations"."version" ASC[0m
Processing by TeachersController#index as HTML
  Rendering teachers/index.html.erb within layouts/application
  [1m[36mTeacher Load (0.3ms)[0m  [1m[34mSELECT "teachers".* FROM "teachers"[0m
  Rendered teachers/index.html.erb within layouts/application (14.7ms)
Completed 200 OK in 449ms (Views: 422.2ms | ActiveRecord: 0.8ms)


Started GET "/subjects" for 127.0.0.1 at 2018-03-13 10:34:04 +0200
  
SyntaxError (/home/iliyan/ex/app/app/controllers/subjects_controller.rb:74: syntax error, unexpected end-of-input, expecting keyword_end):
  
app/controllers/subjects_controller.rb:74: syntax error, unexpected end-of-input, expecting keyword_end
Started GET "/subjects" for 127.0.0.1 at 2018-03-13 10:35:14 +0200
  [1m[35m (0.4ms)[0m  [1m[34mSELECT "schema_migrations"."version" FROM "schema_migrations" ORDER BY "schema_migrations"."version" ASC[0m
Processing by SubjectsController#index as HTML
  Rendering subjects/index.html.erb within layouts/application
  [1m[36mSubject Load (0.3ms)[0m  [1m[34mSELECT "subjects".* FROM "subjects"[0m
  Rendered subjects/index.html.erb within layouts/application (11.9ms)
Completed 200 OK in 466ms (Views: 446.6ms | ActiveRecord: 0.8ms)


Started GET "/teachers" for 127.0.0.1 at 2018-03-13 10:35:21 +0200
Processing by TeachersController#index as HTML
  Rendering teachers/index.html.erb within layouts/application
  [1m[36mTeacher Load (0.1ms)[0m  [1m[34mSELECT "teachers".* FROM "teachers"[0m
  Rendered teachers/index.html.erb within layouts/application (3.9ms)
Completed 200 OK in 65ms (Views: 55.3ms | ActiveRecord: 1.0ms)


Started GET "/teachers" for 127.0.0.1 at 2018-03-13 10:35:28 +0200
Processing by TeachersController#index as HTML
  Rendering teachers/index.html.erb within layouts/application
  [1m[36mTeacher Load (0.2ms)[0m  [1m[34mSELECT "teachers".* FROM "teachers"[0m
  Rendered teachers/index.html.erb within layouts/application (1.9ms)
Completed 200 OK in 71ms (Views: 69.3ms | ActiveRecord: 0.2ms)


Started GET "/teachers/new" for 127.0.0.1 at 2018-03-13 10:35:29 +0200
Processing by TeachersController#new as HTML
  Rendering teachers/new.html.erb within layouts/application
  Rendered teachers/_form.html.erb (79.9ms)
  Rendered teachers/new.html.erb within layouts/application (89.5ms)
Completed 200 OK in 184ms (Views: 158.5ms | ActiveRecord: 0.7ms)


Started POST "/teachers" for 127.0.0.1 at 2018-03-13 10:35:49 +0200
Processing by TeachersController#create as HTML
  Parameters: {"utf8"=>"✓", "authenticity_token"=>"cfAafZPm4VPbM8DVCQ95E8fCovQTMbYriskTndvQ1mACYBMPgtyP4FKa6ax4VyvTV1E7owQiXkhi/rPWBPuT6g==", "teacher"=>{"first_name"=>"Ivan", "middle_name"=>"Presianov", "last_name"=>"Dimitrov", "title"=>"beast", "subject"=>"Math"}, "commit"=>"Create Teacher"}
  [1m[36mTeacher Exists (0.3ms)[0m  [1m[34mSELECT  1 AS one FROM "teachers" WHERE "teachers"."title" = ? LIMIT ?[0m  [["title", "beast"], ["LIMIT", 1]]
  [1m[35m (0.1ms)[0m  [1m[36mbegin transaction[0m
  [1m[35mSQL (6.7ms)[0m  [1m[32mINSERT INTO "teachers" ("first_name", "middle_name", "last_name", "title", "subject", "created_at", "updated_at") VALUES (?, ?, ?, ?, ?, ?, ?)[0m  [["first_name", "Ivan"], ["middle_name", "Presianov"], ["last_name", "Dimitrov"], ["title", "beast"], ["subject", "Math"], ["created_at", "2018-03-13 08:35:49.965535"], ["updated_at", "2018-03-13 08:35:49.965535"]]
  [1m[35m (5.4ms)[0m  [1m[36mcommit transaction[0m
Redirected to http://localhost:3000/teachers/5
Completed 302 Found in 33ms (ActiveRecord: 12.4ms)


Started GET "/teachers/5" for 127.0.0.1 at 2018-03-13 10:35:50 +0200
Processing by TeachersController#show as HTML
  Parameters: {"id"=>"5"}
  [1m[36mTeacher Load (0.3ms)[0m  [1m[34mSELECT  "teachers".* FROM "teachers" WHERE "teachers"."id" = ? LIMIT ?[0m  [["id", 5], ["LIMIT", 1]]
  Rendering teachers/show.html.erb within layouts/application
  Rendered teachers/show.html.erb within layouts/application (1.2ms)
Completed 200 OK in 75ms (Views: 67.3ms | ActiveRecord: 0.3ms)


Started GET "/teachers" for 127.0.0.1 at 2018-03-13 10:35:51 +0200
Processing by TeachersController#index as HTML
  Rendering teachers/index.html.erb within layouts/application
  [1m[36mTeacher Load (0.2ms)[0m  [1m[34mSELECT "teachers".* FROM "teachers"[0m
  Rendered teachers/index.html.erb within layouts/application (5.0ms)
Completed 200 OK in 95ms (Views: 93.9ms | ActiveRecord: 0.2ms)


Started GET "/teachers/new" for 127.0.0.1 at 2018-03-13 10:35:53 +0200
Processing by TeachersController#new as HTML
  Rendering teachers/new.html.erb within layouts/application
  Rendered teachers/_form.html.erb (11.0ms)
  Rendered teachers/new.html.erb within layouts/application (15.4ms)
Completed 200 OK in 111ms (Views: 107.1ms | ActiveRecord: 0.0ms)


Started POST "/teachers" for 127.0.0.1 at 2018-03-13 10:36:15 +0200
Processing by TeachersController#create as HTML
  Parameters: {"utf8"=>"✓", "authenticity_token"=>"8zokg2Lu24g1Mqb4a8CD/by0yms3KPPM5aPaz8UP9eCAqi3xc9S1O7ybj4EamNE9LCdTPCA7G68NlHqEGiSwag==", "teacher"=>{"first_name"=>"Ivo", "middle_name"=>"Ivanov", "last_name"=>"Gergiev", "title"=>"bomba", "subject"=>"bel"}, "commit"=>"Create Teacher"}
  [1m[36mTeacher Exists (0.2ms)[0m  [1m[34mSELECT  1 AS one FROM "teachers" WHERE "teachers"."title" = ? LIMIT ?[0m  [["title", "bomba"], ["LIMIT", 1]]
  [1m[35m (0.1ms)[0m  [1m[36mbegin transaction[0m
  [1m[35mSQL (9.2ms)[0m  [1m[32mINSERT INTO "teachers" ("first_name", "middle_name", "last_name", "title", "subject", "created_at", "updated_at") VALUES (?, ?, ?, ?, ?, ?, ?)[0m  [["first_name", "Ivo"], ["middle_name", "Ivanov"], ["last_name", "Gergiev"], ["title", "bomba"], ["subject", "bel"], ["created_at", "2018-03-13 08:36:15.485800"], ["updated_at", "2018-03-13 08:36:15.485800"]]
  [1m[35m (6.6ms)[0m  [1m[36mcommit transaction[0m
Redirected to http://localhost:3000/teachers/6
Completed 302 Found in 43ms (ActiveRecord: 16.2ms)


Started GET "/teachers/6" for 127.0.0.1 at 2018-03-13 10:36:15 +0200
Processing by TeachersController#show as HTML
  Parameters: {"id"=>"6"}
  [1m[36mTeacher Load (0.2ms)[0m  [1m[34mSELECT  "teachers".* FROM "teachers" WHERE "teachers"."id" = ? LIMIT ?[0m  [["id", 6], ["LIMIT", 1]]
  Rendering teachers/show.html.erb within layouts/application
  Rendered teachers/show.html.erb within layouts/application (1.5ms)
Completed 200 OK in 98ms (Views: 94.8ms | ActiveRecord: 0.2ms)


Started GET "/teachers" for 127.0.0.1 at 2018-03-13 10:36:17 +0200
Processing by TeachersController#index as HTML
  Rendering teachers/index.html.erb within layouts/application
  [1m[36mTeacher Load (0.2ms)[0m  [1m[34mSELECT "teachers".* FROM "teachers"[0m
  Rendered teachers/index.html.erb within layouts/application (6.7ms)
Completed 200 OK in 122ms (Views: 120.5ms | ActiveRecord: 0.2ms)


Started GET "/teachers/new" for 127.0.0.1 at 2018-03-13 10:36:20 +0200
Processing by TeachersController#new as HTML
  Rendering teachers/new.html.erb within layouts/application
  Rendered teachers/_form.html.erb (7.5ms)
  Rendered teachers/new.html.erb within layouts/application (14.3ms)
Completed 200 OK in 66ms (Views: 64.3ms | ActiveRecord: 0.0ms)


Started POST "/teachers" for 127.0.0.1 at 2018-03-13 10:36:46 +0200
Processing by TeachersController#create as HTML
  Parameters: {"utf8"=>"✓", "authenticity_token"=>"jdhchFdgFGGNIlG46WEnN2FLozM7y6HZxFX9SJIbt1z+SFX2Rlp60gSLeMGYOXX38dg6ZCzYSbosYl0DTTDy1g==", "teacher"=>{"first_name"=>"Pencho", "middle_name"=>"Slavchev", "last_name"=>"Petrov", "title"=>"qkata rabota", "subject"=>"fizze"}, "commit"=>"Create Teacher"}
  [1m[36mTeacher Exists (0.3ms)[0m  [1m[34mSELECT  1 AS one FROM "teachers" WHERE "teachers"."title" = ? LIMIT ?[0m  [["title", "qkata rabota"], ["LIMIT", 1]]
  [1m[35m (0.1ms)[0m  [1m[36mbegin transaction[0m
  [1m[35mSQL (5.2ms)[0m  [1m[32mINSERT INTO "teachers" ("first_name", "middle_name", "last_name", "title", "subject", "created_at", "updated_at") VALUES (?, ?, ?, ?, ?, ?, ?)[0m  [["first_name", "Pencho"], ["middle_name", "Slavchev"], ["last_name", "Petrov"], ["title", "qkata rabota"], ["subject", "fizze"], ["created_at", "2018-03-13 08:36:46.643920"], ["updated_at", "2018-03-13 08:36:46.643920"]]
  [1m[35m (13.4ms)[0m  [1m[36mcommit transaction[0m
Redirected to http://localhost:3000/teachers/7
Completed 302 Found in 38ms (ActiveRecord: 19.0ms)


Started GET "/teachers/7" for 127.0.0.1 at 2018-03-13 10:36:46 +0200
Processing by TeachersController#show as HTML
  Parameters: {"id"=>"7"}
  [1m[36mTeacher Load (0.2ms)[0m  [1m[34mSELECT  "teachers".* FROM "teachers" WHERE "teachers"."id" = ? LIMIT ?[0m  [["id", 7], ["LIMIT", 1]]
  Rendering teachers/show.html.erb within layouts/application
  Rendered teachers/show.html.erb within layouts/application (0.9ms)
Completed 200 OK in 66ms (Views: 64.6ms | ActiveRecord: 0.2ms)


Started GET "/teachers" for 127.0.0.1 at 2018-03-13 10:36:48 +0200
Processing by TeachersController#index as HTML
  Rendering teachers/index.html.erb within layouts/application
  [1m[36mTeacher Load (0.3ms)[0m  [1m[34mSELECT "teachers".* FROM "teachers"[0m
  Rendered teachers/index.html.erb within layouts/application (6.5ms)
Completed 200 OK in 64ms (Views: 62.6ms | ActiveRecord: 0.3ms)


Started GET "/subjects" for 127.0.0.1 at 2018-03-13 10:37:03 +0200
Processing by SubjectsController#index as HTML
  Rendering subjects/index.html.erb within layouts/application
  [1m[36mSubject Load (0.2ms)[0m  [1m[34mSELECT "subjects".* FROM "subjects"[0m
  Rendered subjects/index.html.erb within layouts/application (6.1ms)
Completed 200 OK in 66ms (Views: 63.6ms | ActiveRecord: 0.2ms)


Started GET "/subjects/new" for 127.0.0.1 at 2018-03-13 10:37:05 +0200
Processing by SubjectsController#new as HTML
  Rendering subjects/new.html.erb within layouts/application
  Rendered subjects/_form.html.erb (11.9ms)
  Rendered subjects/new.html.erb within layouts/application (15.8ms)
Completed 200 OK in 90ms (Views: 71.0ms | ActiveRecord: 0.8ms)


Started GET "/" for 127.0.0.1 at 2018-03-13 10:37:39 +0200
Processing by Rails::WelcomeController#index as HTML
  Rendering /home/iliyan/.rvm/gems/ruby-2.4.2/gems/railties-5.1.5/lib/rails/templates/rails/welcome/index.html.erb
  Rendered /home/iliyan/.rvm/gems/ruby-2.4.2/gems/railties-5.1.5/lib/rails/templates/rails/welcome/index.html.erb (16.1ms)
Completed 200 OK in 32ms (Views: 30.2ms | ActiveRecord: 0.0ms)


Started GET "/teachers" for 127.0.0.1 at 2018-03-13 10:37:43 +0200
Processing by TeachersController#index as HTML
  Rendering teachers/index.html.erb within layouts/application
  [1m[36mTeacher Load (0.4ms)[0m  [1m[34mSELECT "teachers".* FROM "teachers"[0m
  Rendered teachers/index.html.erb within layouts/application (8.3ms)
Completed 200 OK in 71ms (Views: 69.0ms | ActiveRecord: 0.4ms)


Started GET "/teachers/5" for 127.0.0.1 at 2018-03-13 10:37:47 +0200
Processing by TeachersController#show as HTML
  Parameters: {"id"=>"5"}
  [1m[36mTeacher Load (0.2ms)[0m  [1m[34mSELECT  "teachers".* FROM "teachers" WHERE "teachers"."id" = ? LIMIT ?[0m  [["id", 5], ["LIMIT", 1]]
  Rendering teachers/show.html.erb within layouts/application
  Rendered teachers/show.html.erb within layouts/application (0.9ms)
Completed 200 OK in 56ms (Views: 53.7ms | ActiveRecord: 0.2ms)


Started POST "/subjects" for 127.0.0.1 at 2018-03-13 10:37:54 +0200
Processing by SubjectsController#create as HTML
  Parameters: {"utf8"=>"✓", "authenticity_token"=>"NxqL8pni8MQ5nz8UzH3+j0e7WsvqZsdbwLMxJVFkFEAUt8Scowj9pjX3H+jGSG2HBz40h9/PiXHyf96784ms0w==", "subject"=>{"subject_name"=>"Math", "teacher_id"=>"5"}, "commit"=>"Create Subject"}
  [1m[36mTeacher Exists (0.2ms)[0m  [1m[34mSELECT  1 AS one FROM "teachers" WHERE "teachers"."id" = ? LIMIT ?[0m  [["id", 5], ["LIMIT", 1]]
  [1m[35m (0.1ms)[0m  [1m[36mbegin transaction[0m
  [1m[35mSQL (1.7ms)[0m  [1m[32mINSERT INTO "subjects" ("subject_name", "teacher_id", "created_at", "updated_at") VALUES (?, ?, ?, ?)[0m  [["subject_name", "Math"], ["teacher_id", 5], ["created_at", "2018-03-13 08:37:54.715878"], ["updated_at", "2018-03-13 08:37:54.715878"]]
  [1m[35m (50.9ms)[0m  [1m[36mcommit transaction[0m
Redirected to http://localhost:3000/subjects/1
Completed 302 Found in 67ms (ActiveRecord: 52.9ms)


Started GET "/subjects/1" for 127.0.0.1 at 2018-03-13 10:37:54 +0200
Processing by SubjectsController#show as HTML
  Parameters: {"id"=>"1"}
  [1m[36mSubject Load (0.3ms)[0m  [1m[34mSELECT  "subjects".* FROM "subjects" WHERE "subjects"."id" = ? LIMIT ?[0m  [["id", 1], ["LIMIT", 1]]
  Rendering subjects/show.html.erb within layouts/application
  Rendered subjects/show.html.erb within layouts/application (1.1ms)
Completed 200 OK in 60ms (Views: 54.0ms | ActiveRecord: 0.3ms)


Started GET "/subjects" for 127.0.0.1 at 2018-03-13 10:37:56 +0200
Processing by SubjectsController#index as HTML
  Rendering subjects/index.html.erb within layouts/application
  [1m[36mSubject Load (0.3ms)[0m  [1m[34mSELECT "subjects".* FROM "subjects"[0m
  Rendered subjects/index.html.erb within layouts/application (617.9ms)
Completed 500 Internal Server Error in 630ms (ActiveRecord: 0.3ms)


  
ActionView::Template::Error (undefined local variable or method `teacher_id' for #<#<Class:0x00007f730c92e100>:0x00007f730dbabd00>
Did you mean?  teacher_url):
    17:     <% @subjects.each do |subject| %>
    18:       <tr>
    19:         <td><%= subject.subject_name %></td>
    20:         <td><%= subject.find(teacher_id).last_name %></td>
    21:         <td><%= subject.find(teacher_id).first_name %></td>
    22:         <td><%= subject.find(teacher_id).title %></td>
    23:         <td><%= link_to 'Show', subject %></td>
  
app/views/subjects/index.html.erb:20:in `block in _app_views_subjects_index_html_erb___2241230859551480816_70066064173980'
app/views/subjects/index.html.erb:17:in `_app_views_subjects_index_html_erb___2241230859551480816_70066064173980'
Started GET "/teachers/5" for 127.0.0.1 at 2018-03-13 10:40:41 +0200
  [1m[35m (0.3ms)[0m  [1m[34mSELECT "schema_migrations"."version" FROM "schema_migrations" ORDER BY "schema_migrations"."version" ASC[0m
Processing by TeachersController#show as HTML
  Parameters: {"id"=>"5"}
  [1m[36mTeacher Load (0.3ms)[0m  [1m[34mSELECT  "teachers".* FROM "teachers" WHERE "teachers"."id" = ? LIMIT ?[0m  [["id", 5], ["LIMIT", 1]]
  Rendering teachers/show.html.erb within layouts/application
  Rendered teachers/show.html.erb within layouts/application (1.6ms)
Completed 200 OK in 496ms (Views: 434.1ms | ActiveRecord: 1.2ms)


Started GET "/subjects" for 127.0.0.1 at 2018-03-13 10:40:48 +0200
Processing by SubjectsController#index as HTML
  Rendering subjects/index.html.erb within layouts/application
  [1m[36mSubject Load (0.1ms)[0m  [1m[34mSELECT "subjects".* FROM "subjects"[0m
  Rendered subjects/index.html.erb within layouts/application (41.2ms)
Completed 500 Internal Server Error in 52ms (ActiveRecord: 1.5ms)


  
ActionView::Template::Error (undefined method `find' for nil:NilClass):
    17:     <% @subjects.each do |subject| %>
    18:       <tr>
    19:         <td><%= subject.subject_name %></td>
    20:         <td><%= @teachers.find(subject.teacher_id).last_name %></td>
    21:         <td><%= @teachers.find(subject.teacher_id).first_name %></td>
    22:         <td><%= @teachers.find(subject.teacher_id).title %></td>
    23:         <td><%= link_to 'Show', subject %></td>
  
app/views/subjects/index.html.erb:20:in `block in _app_views_subjects_index_html_erb__1049410392844834516_69983673653480'
app/views/subjects/index.html.erb:17:in `_app_views_subjects_index_html_erb__1049410392844834516_69983673653480'
Started GET "/" for 127.0.0.1 at 2018-03-13 10:56:42 +0200
  [1m[35m (0.3ms)[0m  [1m[34mSELECT "schema_migrations"."version" FROM "schema_migrations" ORDER BY "schema_migrations"."version" ASC[0m
Processing by Rails::WelcomeController#index as HTML
  Rendering /home/iliyan/.rvm/gems/ruby-2.4.2/gems/railties-5.1.5/lib/rails/templates/rails/welcome/index.html.erb
  Rendered /home/iliyan/.rvm/gems/ruby-2.4.2/gems/railties-5.1.5/lib/rails/templates/rails/welcome/index.html.erb (9.5ms)
Completed 200 OK in 40ms (Views: 28.6ms | ActiveRecord: 0.0ms)


Started GET "/teachers" for 127.0.0.1 at 2018-03-13 10:56:49 +0200
Processing by TeachersController#index as HTML
  Rendering teachers/index.html.erb within layouts/application
  [1m[36mTeacher Load (0.3ms)[0m  [1m[34mSELECT "teachers".* FROM "teachers"[0m
  Rendered teachers/index.html.erb within layouts/application (43.9ms)
Completed 200 OK in 456ms (Views: 438.4ms | ActiveRecord: 6.3ms)


Started GET "/subjects" for 127.0.0.1 at 2018-03-13 10:56:59 +0200
Processing by SubjectsController#index as HTML
  Rendering subjects/index.html.erb within layouts/application
  [1m[36mSubject Load (0.2ms)[0m  [1m[34mSELECT "subjects".* FROM "subjects"[0m
  [1m[36mTeacher Load (0.3ms)[0m  [1m[34mSELECT  "teachers".* FROM "teachers" WHERE "teachers"."id" = ? LIMIT ?[0m  [["id", 5], ["LIMIT", 1]]
  [1m[36mCACHE Teacher Load (0.0ms)[0m  [1m[34mSELECT  "teachers".* FROM "teachers" WHERE "teachers"."id" = ? LIMIT ?[0m  [["id", 5], ["LIMIT", 1]]
  [1m[36mCACHE Teacher Load (0.0ms)[0m  [1m[34mSELECT  "teachers".* FROM "teachers" WHERE "teachers"."id" = ? LIMIT ?[0m  [["id", 5], ["LIMIT", 1]]
  Rendered subjects/index.html.erb within layouts/application (30.6ms)
Completed 200 OK in 97ms (Views: 93.3ms | ActiveRecord: 1.3ms)


Started GET "/teachers" for 127.0.0.1 at 2018-03-13 11:00:08 +0200
Processing by TeachersController#index as HTML
  Rendering teachers/index.html.erb within layouts/application
  [1m[36mTeacher Load (0.7ms)[0m  [1m[34mSELECT "teachers".* FROM "teachers"[0m
  Rendered teachers/index.html.erb within layouts/application (3.4ms)
Completed 200 OK in 58ms (Views: 56.3ms | ActiveRecord: 0.7ms)


Started GET "/subjects" for 127.0.0.1 at 2018-03-13 12:26:16 +0200
  [1m[35m (0.4ms)[0m  [1m[34mSELECT "schema_migrations"."version" FROM "schema_migrations" ORDER BY "schema_migrations"."version" ASC[0m
Processing by SubjectsController#index as HTML
  Rendering subjects/index.html.erb within layouts/application
  [1m[36mSubject Load (4.4ms)[0m  [1m[34mSELECT "subjects".* FROM "subjects"[0m
  [1m[36mTeacher Load (0.2ms)[0m  [1m[34mSELECT  "teachers".* FROM "teachers" WHERE "teachers"."id" = ? LIMIT ?[0m  [["id", 5], ["LIMIT", 1]]
  [1m[36mTeacher Load (0.2ms)[0m  [1m[34mSELECT  "teachers".* FROM "teachers" WHERE "teachers"."id" = ? LIMIT ?[0m  [["id", 5], ["LIMIT", 1]]
  [1m[36mTeacher Load (0.1ms)[0m  [1m[34mSELECT  "teachers".* FROM "teachers" WHERE "teachers"."id" = ? LIMIT ?[0m  [["id", 5], ["LIMIT", 1]]
  Rendered subjects/index.html.erb within layouts/application (64.6ms)
Completed 200 OK in 539ms (Views: 512.9ms | ActiveRecord: 6.6ms)


